<?xml version="1.0" encoding="UTF-8"?>
<testsuite xmlns:xsi="http://www.w3.org/2001/XMLSchema-instance" xsi:noNamespaceSchemaLocation="https://maven.apache.org/surefire/maven-surefire-plugin/xsd/surefire-test-report.xsd" name="ClientProject.TestCalculator" time="0.13" tests="1" errors="0" skipped="0" failures="1">
  <properties>
[...]
</properties>
  <testcase name="testFindMax" classname="ClientProject.TestCalculator" time="0.026">
    <failure message="expected:&lt;-1&gt; but was:&lt;0&gt;" type="java.lang.AssertionError"><![CDATA[java.lang.AssertionError: expected:<-1> but was:<0>
	at ClientProject.TestCalculator.testFindMax(TestCalculator.java:2)
]]></failure>
  </testcase>
</testsuite>